<?xml version="1.0" encoding="UTF-8"?>
<testsuite xmlns:xsi="http://www.w3.org/2001/XMLSchema-instance" xsi:noNamespaceSchemaLocation="https://maven.apache.org/surefire/maven-surefire-plugin/xsd/surefire-test-report-3.0.xsd" version="3.0" name="com.ttc.controller.TemplateControllerTest" time="1.077" tests="1" errors="0" skipped="0" failures="0">
  <properties>
[...]
</properties>
  <testcase name="testCreateTemplate" classname="com.ttc.controller.TemplateControllerTest" time="0.043">
    <system-out><![CDATA[2026-08-10T00:36:19.788+08:00  INFO 36312 --- [           main] t.c.s.AnnotationConfigContextLoaderUtils : Could not detect default configuration classes for test class [com.ttc.controller.TemplateControllerTest]: TemplateControllerTest does not declare any static, non-private, non-final, nested classes annotated with @Configuration.
2026-08-10T00:36:19.849+08:00  INFO 36312 --- [           main] .b.t.c.SpringBootTestContextBootstrapper : Found @SpringBootConfiguration com.ttc.SpmApplication for test class com.ttc.controller.TemplateControllerTest

  .   ____          _            __ _ _
 /\\ / ___'_ __ _ _(_)_ __  __ _ \ \ \ \
( ( )\___ | '_ | '_| | '_ \/ _` | \ \ \ \
 \\/  ___)| |_)| | | | | || (_| |  ) ) ) )
  '  |____| .__|_| |_|_| |_\__, | / / / /
 =========|_|==============|___/=/_/_/_/
 :: Spring Boot ::                (v3.2.5)

2026-08-10T00:36:19.928+08:00  INFO 36312 --- [           main] c.ttc.controller.TemplateControllerTest  : Starting TemplateControllerTest using Java 17.0.20 with PID 36312 (started by yann in D:\test\spm-demo)
2026-08-10T00:36:19.928+08:00 DEBUG 36312 --- [           main] c.ttc.controller.TemplateControllerTest  : Running with Spring Boot v3.2.5, Spring v6.1.6
2026-08-10T00:36:19.928+08:00  INFO 36312 --- [           main] c.ttc.controller.TemplateControllerTest  : No active profile set, falling back to 1 default profile: "default"
2026-08-10T00:36:20.740+08:00  INFO 36312 --- [           main] o.s.b.t.m.w.SpringBootMockServletContext : Initializing Spring TestDispatcherServlet ''
2026-08-10T00:36:20.740+08:00  INFO 36312 --- [           main] o.s.t.web.servlet.TestDispatcherServlet  : Initializing Servlet ''
2026-08-10T00:36:20.755+08:00  INFO 36312 --- [           main] o.s.t.web.servlet.TestDispatcherServlet  : Completed initialization in 15 ms
2026-08-10T00:36:20.784+08:00  INFO 36312 --- [           main] c.ttc.controller.TemplateControllerTest  : Started TemplateControllerTest in 0.919 seconds (process running for 11.377)
]]></system-out>
  </testcase>
</testsuite>